TN:
SF:/Users/ericwgreene/git/t4d-classes/node_10212019/prep/00_ready-to-go/servers/08_express-handlerbars-logging/app.js
FN:12,(anonymous_0)
FN:34,(anonymous_1)
FN:39,(anonymous_2)
FN:44,(anonymous_3)
FNF:4
FNH:3
FNDA:2,(anonymous_0)
FNDA:0,(anonymous_1)
FNDA:1,(anonymous_2)
FNDA:1,(anonymous_3)
DA:3,2
DA:4,2
DA:5,2
DA:6,2
DA:7,2
DA:8,2
DA:10,2
DA:12,2
DA:14,2
DA:16,2
DA:21,2
DA:23,2
DA:29,2
DA:31,2
DA:32,2
DA:34,2
DA:35,0
DA:36,0
DA:39,2
DA:40,1
DA:41,1
DA:44,2
DA:45,1
DA:51,2
DA:54,2
LF:25
LH:23
BRF:0
BRH:0
end_of_record
TN:
SF:/Users/ericwgreene/git/t4d-classes/node_10212019/prep/00_ready-to-go/servers/08_express-handlerbars-logging/colors.js
FN:5,(anonymous_0)
FN:9,(anonymous_1)
FN:13,(anonymous_2)
FN:18,(anonymous_3)
FN:19,(anonymous_4)
FNF:5
FNH:0
FNDA:0,(anonymous_0)
FNDA:0,(anonymous_1)
FNDA:0,(anonymous_2)
FNDA:0,(anonymous_3)
FNDA:0,(anonymous_4)
DA:6,0
DA:10,0
DA:14,0
DA:15,0
DA:19,0
DA:20,0
DA:25,1
LF:7
LH:1
BRF:0
BRH:0
end_of_record
